Release 14.7 - xst P.20131013 (nt64)
Copyright (c) 1995-2013 Xilinx, Inc.  All rights reserved.
--> Parameter TMPDIR set to xst/projnav.tmp


Total REAL time to Xst completion: 0.00 secs
Total CPU time to Xst completion: 0.07 secs
 
--> Parameter xsthdpdir set to xst


Total REAL time to Xst completion: 0.00 secs
Total CPU time to Xst completion: 0.07 secs
 
--> Reading design: FIFO_Buffer.prj

TABLE OF CONTENTS
  1) Synthesis Options Summary
  2) HDL Parsing
  3) HDL Elaboration
  4) HDL Synthesis
       4.1) HDL Synthesis Report
  5) Advanced HDL Synthesis
       5.1) Advanced HDL Synthesis Report
  6) Low Level Synthesis
  7) Partition Report
  8) Design Summary
       8.1) Primitive and Black Box Usage
       8.2) Device utilization summary
       8.3) Partition Resource Summary
       8.4) Timing Report
            8.4.1) Clock Information
            8.4.2) Asynchronous Control Signals Information
            8.4.3) Timing Summary
            8.4.4) Timing Details
            8.4.5) Cross Clock Domains Report


=========================================================================
*                      Synthesis Options Summary                        *
=========================================================================
---- Source Parameters
Input File Name                    : "FIFO_Buffer.prj"
Ignore Synthesis Constraint File   : NO

---- Target Parameters
Output File Name                   : "FIFO_Buffer"
Output Format                      : NGC
Target Device                      : xc7a100t-3-csg324

---- Source Options
Top Module Name                    : FIFO_Buffer
Automatic FSM Extraction           : YES
FSM Encoding Algorithm             : Auto
Safe Implementation                : No
FSM Style                          : LUT
RAM Extraction                     : Yes
RAM Style                          : Auto
ROM Extraction                     : Yes
Shift Register Extraction          : YES
ROM Style                          : Auto
Resource Sharing                   : YES
Asynchronous To Synchronous        : NO
Shift Register Minimum Size        : 2
Use DSP Block                      : Auto
Automatic Register Balancing       : No

---- Target Options
LUT Combining                      : Auto
Reduce Control Sets                : Auto
Add IO Buffers                     : YES
Global Maximum Fanout              : 100000
Add Generic Clock Buffer(BUFG)     : 32
Register Duplication               : YES
Optimize Instantiated Primitives   : NO
Use Clock Enable                   : Auto
Use Synchronous Set                : Auto
Use Synchronous Reset              : Auto
Pack IO Registers into IOBs        : Auto
Equivalent register Removal        : YES

---- General Options
Optimization Goal                  : Speed
Optimization Effort                : 1
Power Reduction                    : NO
Keep Hierarchy                     : No
Netlist Hierarchy                  : As_Optimized
RTL Output                         : Yes
Global Optimization                : AllClockNets
Read Cores                         : YES
Write Timing Constraints           : NO
Cross Clock Analysis               : NO
Hierarchy Separator                : /
Bus Delimiter                      : <>
Case Specifier                     : Maintain
Slice Utilization Ratio            : 100
BRAM Utilization Ratio             : 100
DSP48 Utilization Ratio            : 100
Auto BRAM Packing                  : NO
Slice Utilization Ratio Delta      : 5

=========================================================================


=========================================================================
*                          HDL Parsing                                  *
=========================================================================
Analyzing Verilog file "D:\LuanVan\Xlinx\Noc_prj\Noc_prj\FIFO_Buffer.v" into library work
Parsing module <FIFO_Buffer>.

=========================================================================
*                            HDL Elaboration                            *
=========================================================================

Elaborating module <FIFO_Buffer>.
WARNING:HDLCompiler:413 - "D:\LuanVan\Xlinx\Noc_prj\Noc_prj\FIFO_Buffer.v" Line 52: Result of 4-bit expression is truncated to fit in 3-bit target.
WARNING:HDLCompiler:413 - "D:\LuanVan\Xlinx\Noc_prj\Noc_prj\FIFO_Buffer.v" Line 58: Result of 4-bit expression is truncated to fit in 3-bit target.

=========================================================================
*                           HDL Synthesis                               *
=========================================================================

Synthesizing Unit <FIFO_Buffer>.
    Related source file is "D:\LuanVan\Xlinx\Noc_prj\Noc_prj\FIFO_Buffer.v".
        DATA_WIDTH = 8
    Found 8x8-bit dual-port RAM <Mram_fifo> for signal <fifo>.
    Found 3-bit register for signal <write_couter>.
    Found 8-bit register for signal <Data_out>.
    Found 3-bit register for signal <count>.
    Found 3-bit register for signal <read_couter>.
    Found 3-bit subtractor for signal <read_couter[2]_write_couter[2]_sub_22_OUT> created at line 70.
    Found 3-bit subtractor for signal <write_couter[2]_read_couter[2]_sub_24_OUT> created at line 72.
    Found 3-bit adder for signal <read_couter[2]_GND_1_o_add_6_OUT> created at line 52.
    Found 3-bit adder for signal <write_couter[2]_GND_1_o_add_9_OUT> created at line 58.
    Found 3-bit comparator greater for signal <write_couter[2]_read_couter[2]_LessThan_21_o> created at line 69
    Found 3-bit comparator lessequal for signal <read_couter[2]_write_couter[2]_LessThan_23_o> created at line 71
    Summary:
	inferred   1 RAM(s).
	inferred   4 Adder/Subtractor(s).
	inferred  17 D-type flip-flop(s).
	inferred   2 Comparator(s).
	inferred  11 Multiplexer(s).
Unit <FIFO_Buffer> synthesized.

=========================================================================
HDL Synthesis Report

Macro Statistics
# RAMs                                                 : 1
 8x8-bit dual-port RAM                                 : 1
# Adders/Subtractors                                   : 4
 3-bit adder                                           : 2
 3-bit subtractor                                      : 2
# Registers                                            : 4
 3-bit register                                        : 3
 8-bit register                                        : 1
# Comparators                                          : 2
 3-bit comparator greater                              : 1
 3-bit comparator lessequal                            : 1
# Multiplexers                                         : 11
 1-bit 2-to-1 multiplexer                              : 3
 3-bit 2-to-1 multiplexer                              : 8

=========================================================================

=========================================================================
*                       Advanced HDL Synthesis                          *
=========================================================================


Synthesizing (advanced) Unit <FIFO_Buffer>.
INFO:Xst:3231 - The small RAM <Mram_fifo> will be implemented on LUTs in order to maximize performance and save block RAM resources. If you want to force its implementation on block, use option/constraint ram_style.
    -----------------------------------------------------------------------
    | ram_type           | Distributed                         |          |
    -----------------------------------------------------------------------
    | Port A                                                              |
    |     aspect ratio   | 8-word x 8-bit                      |          |
    |     clkA           | connected to signal <clk>           | rise     |
    |     weA            | connected to internal node          | high     |
    |     addrA          | connected to signal <write_couter>  |          |
    |     diA            | connected to signal <Data_in>       |          |
    -----------------------------------------------------------------------
    | Port B                                                              |
    |     aspect ratio   | 8-word x 8-bit                      |          |
    |     addrB          | connected to signal <read_couter>   |          |
    |     doB            | connected to internal node          |          |
    -----------------------------------------------------------------------
Unit <FIFO_Buffer> synthesized (advanced).

=========================================================================
Advanced HDL Synthesis Report

Macro Statistics
# RAMs                                                 : 1
 8x8-bit dual-port distributed RAM                     : 1
# Adders/Subtractors                                   : 4
 3-bit adder                                           : 2
 3-bit subtractor                                      : 2
# Registers                                            : 17
 Flip-Flops                                            : 17
# Comparators                                          : 2
 3-bit comparator greater                              : 1
 3-bit comparator lessequal                            : 1
# Multiplexers                                         : 11
 1-bit 2-to-1 multiplexer                              : 3
 3-bit 2-to-1 multiplexer                              : 8

=========================================================================

=========================================================================
*                         Low Level Synthesis                           *
=========================================================================

Optimizing unit <FIFO_Buffer> ...

Mapping all equations...
Building and optimizing final netlist ...
Found area constraint ratio of 100 (+ 5) on block FIFO_Buffer, actual ratio is 0.

Final Macro Processing ...

=========================================================================
Final Register Report

Macro Statistics
# Registers                                            : 17
 Flip-Flops                                            : 17

=========================================================================

=========================================================================
*                           Partition Report                            *
=========================================================================

Partition Implementation Status
-------------------------------

  No Partitions were found in this design.

-------------------------------

=========================================================================
*                            Design Summary                             *
=========================================================================

Top Level Output File Name         : FIFO_Buffer.ngc

Primitive and Black Box Usage:
------------------------------
# BELS                             : 25
#      GND                         : 1
#      LUT2                        : 3
#      LUT3                        : 1
#      LUT4                        : 4
#      LUT5                        : 5
#      LUT6                        : 11
# FlipFlops/Latches                : 17
#      FD                          : 6
#      FDE                         : 11
# RAMS                             : 3
#      RAM32M                      : 1
#      RAM32X1D                    : 2
# Clock Buffers                    : 1
#      BUFGP                       : 1
# IO Buffers                       : 22
#      IBUF                        : 12
#      OBUF                        : 10

Device utilization summary:
---------------------------

Selected Device : 7a100tcsg324-3 


Slice Logic Utilization: 
 Number of Slice Registers:              17  out of  126800     0%  
 Number of Slice LUTs:                   32  out of  63400     0%  
    Number used as Logic:                24  out of  63400     0%  
    Number used as Memory:                8  out of  19000     0%  
       Number used as RAM:                8

Slice Logic Distribution: 
 Number of LUT Flip Flop pairs used:     37
   Number with an unused Flip Flop:      20  out of     37    54%  
   Number with an unused LUT:             5  out of     37    13%  
   Number of fully used LUT-FF pairs:    12  out of     37    32%  
   Number of unique control sets:         3

IO Utilization: 
 Number of IOs:                          23
 Number of bonded IOBs:                  23  out of    210    10%  

Specific Feature Utilization:
 Number of BUFG/BUFGCTRLs:                1  out of     32     3%  

---------------------------
Partition Resource Summary:
---------------------------

  No Partitions were found in this design.

---------------------------


=========================================================================
Timing Report

NOTE: THESE TIMING NUMBERS ARE ONLY A SYNTHESIS ESTIMATE.
      FOR ACCURATE TIMING INFORMATION PLEASE REFER TO THE TRACE REPORT
      GENERATED AFTER PLACE-and-ROUTE.

Clock Information:
------------------
-----------------------------------+------------------------+-------+
Clock Signal                       | Clock buffer(FF name)  | Load  |
-----------------------------------+------------------------+-------+
clk                                | BUFGP                  | 20    |
-----------------------------------+------------------------+-------+

Asynchronous Control Signals Information:
----------------------------------------
No asynchronous control signals found in this design

Timing Summary:
---------------
Speed Grade: -3

   Minimum period: 2.710ns (Maximum Frequency: 368.949MHz)
   Minimum input arrival time before clock: 2.264ns
   Maximum output required time after clock: 1.300ns
   Maximum combinational path delay: No path found

Timing Details:
---------------
All values displayed in nanoseconds (ns)

=========================================================================
Timing constraint: Default period analysis for Clock 'clk'
  Clock period: 2.710ns (frequency: 368.949MHz)
  Total number of paths / destination ports: 341 / 46
-------------------------------------------------------------------------
Delay:               2.710ns (Levels of Logic = 4)
  Source:            count_2 (FF)
  Destination:       count_2 (FF)
  Source Clock:      clk rising
  Destination Clock: clk rising

  Data Path: count_2 to count_2
                                Gate     Net
    Cell:in->out      fanout   Delay   Delay  Logical Name (Net Name)
    ----------------------------------------  ------------
     FDE:C->Q              3   0.361   0.521  count_2 (count_2)
     LUT3:I0->O           10   0.097   0.337  empty<2>1 (empty_OBUF)
     LUT6:I5->O            5   0.097   0.712  Mmux_write_couter[2]_write_couter[2]_mux_18_OUT11 (write_couter[2]_write_couter[2]_mux_18_OUT<0>)
     LUT6:I0->O            2   0.097   0.383  write_couter[2]_read_couter[2]_LessThan_21_o1 (write_couter[2]_read_couter[2]_LessThan_21_o)
     LUT5:I3->O            1   0.097   0.000  Mmux_count[2]_read_couter[2]_mux_25_OUT32 (count[2]_read_couter[2]_mux_25_OUT<2>)
     FDE:D                     0.008          count_2
    ----------------------------------------
    Total                      2.710ns (0.757ns logic, 1.953ns route)
                                       (27.9% logic, 72.1% route)

=========================================================================
Timing constraint: Default OFFSET IN BEFORE for Clock 'clk'
  Total number of paths / destination ports: 229 / 31
-------------------------------------------------------------------------
Offset:              2.264ns (Levels of Logic = 5)
  Source:            write (PAD)
  Destination:       count_2 (FF)
  Destination Clock: clk rising

  Data Path: write to count_2
                                Gate     Net
    Cell:in->out      fanout   Delay   Delay  Logical Name (Net Name)
    ----------------------------------------  ------------
     IBUF:I->O             6   0.001   0.402  write_IBUF (write_IBUF)
     LUT2:I0->O            2   0.097   0.383  read_GND_1_o_AND_1_o1_SW0 (N10)
     LUT6:I4->O            4   0.097   0.697  Mmux_write_couter[2]_write_couter[2]_mux_18_OUT22 (write_couter[2]_write_couter[2]_mux_18_OUT<1>)
     LUT6:I1->O            2   0.097   0.383  write_couter[2]_read_couter[2]_LessThan_21_o1 (write_couter[2]_read_couter[2]_LessThan_21_o)
     LUT5:I3->O            1   0.097   0.000  Mmux_count[2]_read_couter[2]_mux_25_OUT32 (count[2]_read_couter[2]_mux_25_OUT<2>)
     FDE:D                     0.008          count_2
    ----------------------------------------
    Total                      2.264ns (0.397ns logic, 1.867ns route)
                                       (17.5% logic, 82.5% route)

=========================================================================
Timing constraint: Default OFFSET OUT AFTER for Clock 'clk'
  Total number of paths / destination ports: 11 / 9
-------------------------------------------------------------------------
Offset:              1.300ns (Levels of Logic = 2)
  Source:            count_2 (FF)
  Destination:       empty (PAD)
  Source Clock:      clk rising

  Data Path: count_2 to empty
                                Gate     Net
    Cell:in->out      fanout   Delay   Delay  Logical Name (Net Name)
    ----------------------------------------  ------------
     FDE:C->Q              3   0.361   0.521  count_2 (count_2)
     LUT3:I0->O           10   0.097   0.321  empty<2>1 (empty_OBUF)
     OBUF:I->O                 0.000          empty_OBUF (empty)
    ----------------------------------------
    Total                      1.300ns (0.458ns logic, 0.842ns route)
                                       (35.2% logic, 64.8% route)

=========================================================================

Cross Clock Domains Report:
--------------------------

Clock to Setup on destination clock clk
---------------+---------+---------+---------+---------+
               | Src:Rise| Src:Fall| Src:Rise| Src:Fall|
Source Clock   |Dest:Rise|Dest:Rise|Dest:Fall|Dest:Fall|
---------------+---------+---------+---------+---------+
clk            |    2.710|         |         |         |
---------------+---------+---------+---------+---------+

=========================================================================


Total REAL time to Xst completion: 5.00 secs
Total CPU time to Xst completion: 5.35 secs
 
--> 

Total memory usage is 4688320 kilobytes

Number of errors   :    0 (   0 filtered)
Number of warnings :    2 (   0 filtered)
Number of infos    :    1 (   0 filtered)

