Release 14.7 - xst P.20131013 (nt64)
Copyright (c) 1995-2013 Xilinx, Inc.  All rights reserved.
--> Parameter TMPDIR set to xst/projnav.tmp


Total REAL time to Xst completion: 0.00 secs
Total CPU time to Xst completion: 0.07 secs
 
--> Parameter xsthdpdir set to xst


Total REAL time to Xst completion: 0.00 secs
Total CPU time to Xst completion: 0.07 secs
 
--> Reading design: input_controler.prj

TABLE OF CONTENTS
  1) Synthesis Options Summary
  2) HDL Parsing
  3) HDL Elaboration
  4) HDL Synthesis
       4.1) HDL Synthesis Report
  5) Advanced HDL Synthesis
       5.1) Advanced HDL Synthesis Report
  6) Low Level Synthesis
  7) Partition Report
  8) Design Summary
       8.1) Primitive and Black Box Usage
       8.2) Device utilization summary
       8.3) Partition Resource Summary
       8.4) Timing Report
            8.4.1) Clock Information
            8.4.2) Asynchronous Control Signals Information
            8.4.3) Timing Summary
            8.4.4) Timing Details
            8.4.5) Cross Clock Domains Report


=========================================================================
*                      Synthesis Options Summary                        *
=========================================================================
---- Source Parameters
Input File Name                    : "input_controler.prj"
Ignore Synthesis Constraint File   : NO

---- Target Parameters
Output File Name                   : "input_controler"
Output Format                      : NGC
Target Device                      : xc7a100t-3-csg324

---- Source Options
Top Module Name                    : input_controler
Automatic FSM Extraction           : YES
FSM Encoding Algorithm             : Auto
Safe Implementation                : No
FSM Style                          : LUT
RAM Extraction                     : Yes
RAM Style                          : Auto
ROM Extraction                     : Yes
Shift Register Extraction          : YES
ROM Style                          : Auto
Resource Sharing                   : YES
Asynchronous To Synchronous        : NO
Shift Register Minimum Size        : 2
Use DSP Block                      : Auto
Automatic Register Balancing       : No

---- Target Options
LUT Combining                      : Auto
Reduce Control Sets                : Auto
Add IO Buffers                     : YES
Global Maximum Fanout              : 100000
Add Generic Clock Buffer(BUFG)     : 32
Register Duplication               : YES
Optimize Instantiated Primitives   : NO
Use Clock Enable                   : Auto
Use Synchronous Set                : Auto
Use Synchronous Reset              : Auto
Pack IO Registers into IOBs        : Auto
Equivalent register Removal        : YES

---- General Options
Optimization Goal                  : Speed
Optimization Effort                : 1
Power Reduction                    : NO
Keep Hierarchy                     : No
Netlist Hierarchy                  : As_Optimized
RTL Output                         : Yes
Global Optimization                : AllClockNets
Read Cores                         : YES
Write Timing Constraints           : NO
Cross Clock Analysis               : NO
Hierarchy Separator                : /
Bus Delimiter                      : <>
Case Specifier                     : Maintain
Slice Utilization Ratio            : 100
BRAM Utilization Ratio             : 100
DSP48 Utilization Ratio            : 100
Auto BRAM Packing                  : NO
Slice Utilization Ratio Delta      : 5

=========================================================================


=========================================================================
*                          HDL Parsing                                  *
=========================================================================
Analyzing Verilog file "D:\LuanVan\Xlinx\Noc_prj\Noc_prj\input_controler.v" into library work
Parsing module <input_controler>.

=========================================================================
*                            HDL Elaboration                            *
=========================================================================

Elaborating module <input_controler>.
WARNING:HDLCompiler:872 - "D:\LuanVan\Xlinx\Noc_prj\Noc_prj\input_controler.v" Line 37: Using initial value of not_register since it is never assigned

=========================================================================
*                           HDL Synthesis                               *
=========================================================================

Synthesizing Unit <input_controler>.
    Related source file is "D:\LuanVan\Xlinx\Noc_prj\Noc_prj\input_controler.v".
        DATA_WIDTH = 8
        N_REGISTER = 3
        N_ADD = 2
    Found 3-bit register for signal <register>.
    Found 8-bit register for signal <Data_out>.
WARNING:Xst:737 - Found 1-bit latch for signal <x_add_cur<1>>. Latches may be generated from incomplete case or if statements. We do not recommend the use of latches in FPGA/CPLD designs, as they may lead to timing problems.
WARNING:Xst:737 - Found 1-bit latch for signal <x_add_cur<0>>. Latches may be generated from incomplete case or if statements. We do not recommend the use of latches in FPGA/CPLD designs, as they may lead to timing problems.
WARNING:Xst:737 - Found 1-bit latch for signal <y_add_cur<1>>. Latches may be generated from incomplete case or if statements. We do not recommend the use of latches in FPGA/CPLD designs, as they may lead to timing problems.
WARNING:Xst:737 - Found 1-bit latch for signal <y_add_cur<0>>. Latches may be generated from incomplete case or if statements. We do not recommend the use of latches in FPGA/CPLD designs, as they may lead to timing problems.
    Found 2-bit comparator equal for signal <Data_in[1]_x_add_cur[1]_equal_1_o> created at line 57
    Found 2-bit comparator equal for signal <Data_in[3]_y_add_cur[1]_equal_2_o> created at line 59
    Found 2-bit comparator lessequal for signal <y_add_cur[1]_Data_in[3]_LessThan_3_o> created at line 63
    Found 2-bit comparator greater for signal <Data_in[3]_y_add_cur[1]_LessThan_5_o> created at line 65
    Found 2-bit comparator lessequal for signal <x_add_cur[1]_Data_in[1]_LessThan_8_o> created at line 71
    Found 2-bit comparator greater for signal <Data_in[1]_x_add_cur[1]_LessThan_10_o> created at line 73
    Summary:
	inferred  11 D-type flip-flop(s).
	inferred   4 Latch(s).
	inferred   6 Comparator(s).
	inferred   4 Multiplexer(s).
Unit <input_controler> synthesized.

=========================================================================
HDL Synthesis Report

Macro Statistics
# Registers                                            : 2
 3-bit register                                        : 1
 8-bit register                                        : 1
# Latches                                              : 4
 1-bit latch                                           : 4
# Comparators                                          : 6
 2-bit comparator equal                                : 2
 2-bit comparator greater                              : 2
 2-bit comparator lessequal                            : 2
# Multiplexers                                         : 4
 3-bit 2-to-1 multiplexer                              : 3
 8-bit 2-to-1 multiplexer                              : 1

=========================================================================

=========================================================================
*                       Advanced HDL Synthesis                          *
=========================================================================


=========================================================================
Advanced HDL Synthesis Report

Macro Statistics
# Registers                                            : 11
 Flip-Flops                                            : 11
# Comparators                                          : 6
 2-bit comparator equal                                : 2
 2-bit comparator greater                              : 2
 2-bit comparator lessequal                            : 2
# Multiplexers                                         : 4
 3-bit 2-to-1 multiplexer                              : 3
 8-bit 2-to-1 multiplexer                              : 1

=========================================================================

=========================================================================
*                         Low Level Synthesis                           *
=========================================================================

Optimizing unit <input_controler> ...

Mapping all equations...
Building and optimizing final netlist ...
Found area constraint ratio of 100 (+ 5) on block input_controler, actual ratio is 0.

Final Macro Processing ...

=========================================================================
Final Register Report

Macro Statistics
# Registers                                            : 11
 Flip-Flops                                            : 11

=========================================================================

=========================================================================
*                           Partition Report                            *
=========================================================================

Partition Implementation Status
-------------------------------

  No Partitions were found in this design.

-------------------------------

=========================================================================
*                            Design Summary                             *
=========================================================================

Top Level Output File Name         : input_controler.ngc

Primitive and Black Box Usage:
------------------------------
# BELS                             : 14
#      LUT2                        : 9
#      LUT4                        : 1
#      LUT5                        : 2
#      LUT6                        : 2
# FlipFlops/Latches                : 15
#      FDC                         : 8
#      FDP                         : 3
#      LD                          : 4
# Clock Buffers                    : 2
#      BUFG                        : 1
#      BUFGP                       : 1
# IO Buffers                       : 26
#      IBUF                        : 14
#      OBUF                        : 12

Device utilization summary:
---------------------------

Selected Device : 7a100tcsg324-3 


Slice Logic Utilization: 
 Number of Slice LUTs:                   14  out of  63400     0%  
    Number used as Logic:                14  out of  63400     0%  

Slice Logic Distribution: 
 Number of LUT Flip Flop pairs used:     14
   Number with an unused Flip Flop:      14  out of     14   100%  
   Number with an unused LUT:             0  out of     14     0%  
   Number of fully used LUT-FF pairs:     0  out of     14     0%  
   Number of unique control sets:         2

IO Utilization: 
 Number of IOs:                          27
 Number of bonded IOBs:                  27  out of    210    12%  
    IOB Flip Flops/Latches:              15

Specific Feature Utilization:
 Number of BUFG/BUFGCTRLs:                2  out of     32     6%  

---------------------------
Partition Resource Summary:
---------------------------

  No Partitions were found in this design.

---------------------------


=========================================================================
Timing Report

NOTE: THESE TIMING NUMBERS ARE ONLY A SYNTHESIS ESTIMATE.
      FOR ACCURATE TIMING INFORMATION PLEASE REFER TO THE TRACE REPORT
      GENERATED AFTER PLACE-and-ROUTE.

Clock Information:
------------------
-----------------------------------+------------------------+-------+
Clock Signal                       | Clock buffer(FF name)  | Load  |
-----------------------------------+------------------------+-------+
rst                                | IBUF+BUFG              | 4     |
clk                                | BUFGP                  | 11    |
-----------------------------------+------------------------+-------+

Asynchronous Control Signals Information:
----------------------------------------
No asynchronous control signals found in this design

Timing Summary:
---------------
Speed Grade: -3

   Minimum period: No path found
   Minimum input arrival time before clock: 2.245ns
   Maximum output required time after clock: 0.640ns
   Maximum combinational path delay: 0.807ns

Timing Details:
---------------
All values displayed in nanoseconds (ns)

=========================================================================
Timing constraint: Default OFFSET IN BEFORE for Clock 'rst'
  Total number of paths / destination ports: 4 / 4
-------------------------------------------------------------------------
Offset:              0.280ns (Levels of Logic = 1)
  Source:            X_cur<1> (PAD)
  Destination:       x_add_cur_1 (LATCH)
  Destination Clock: rst falling

  Data Path: X_cur<1> to x_add_cur_1
                                Gate     Net
    Cell:in->out      fanout   Delay   Delay  Logical Name (Net Name)
    ----------------------------------------  ------------
     IBUF:I->O             1   0.001   0.279  X_cur_1_IBUF (X_cur_1_IBUF)
     LD:D                     -0.028          x_add_cur_1
    ----------------------------------------
    Total                      0.280ns (0.001ns logic, 0.279ns route)
                                       (0.4% logic, 99.6% route)

=========================================================================
Timing constraint: Default OFFSET IN BEFORE for Clock 'clk'
  Total number of paths / destination ports: 46 / 22
-------------------------------------------------------------------------
Offset:              2.245ns (Levels of Logic = 4)
  Source:            Data_in<1> (PAD)
  Destination:       register_0 (FF)
  Destination Clock: clk rising

  Data Path: Data_in<1> to register_0
                                Gate     Net
    Cell:in->out      fanout   Delay   Delay  Logical Name (Net Name)
    ----------------------------------------  ------------
     IBUF:I->O             4   0.001   0.570  Data_in_1_IBUF (Data_in_1_IBUF)
     LUT4:I0->O            2   0.097   0.688  Data_in[1]_x_add_cur[1]_equal_1_o21 (Data_in[1]_x_add_cur[1]_equal_1_o)
     LUT6:I1->O            2   0.097   0.688  Mmux_PWR_1_o_register[2]_mux_13_OUT121 (Mmux_PWR_1_o_register[2]_mux_13_OUT12)
     LUT5:I0->O            1   0.097   0.000  Mmux_PWR_1_o_register[2]_mux_13_OUT11 (PWR_1_o_register[2]_mux_13_OUT<0>)
     FDP:D                     0.008          register_0
    ----------------------------------------
    Total                      2.245ns (0.300ns logic, 1.945ns route)
                                       (13.4% logic, 86.6% route)

=========================================================================
Timing constraint: Default OFFSET OUT AFTER for Clock 'clk'
  Total number of paths / destination ports: 11 / 11
-------------------------------------------------------------------------
Offset:              0.640ns (Levels of Logic = 1)
  Source:            Data_out_7 (FF)
  Destination:       Data_out<7> (PAD)
  Source Clock:      clk rising

  Data Path: Data_out_7 to Data_out<7>
                                Gate     Net
    Cell:in->out      fanout   Delay   Delay  Logical Name (Net Name)
    ----------------------------------------  ------------
     FDC:C->Q              1   0.361   0.279  Data_out_7 (Data_out_7)
     OBUF:I->O                 0.000          Data_out_7_OBUF (Data_out<7>)
    ----------------------------------------
    Total                      0.640ns (0.361ns logic, 0.279ns route)
                                       (56.4% logic, 43.6% route)

=========================================================================
Timing constraint: Default path analysis
  Total number of paths / destination ports: 2 / 1
-------------------------------------------------------------------------
Delay:               0.807ns (Levels of Logic = 3)
  Source:            rst (PAD)
  Destination:       read (PAD)

  Data Path: rst to read
                                Gate     Net
    Cell:in->out      fanout   Delay   Delay  Logical Name (Net Name)
    ----------------------------------------  ------------
     IBUF:I->O            12   0.001   0.430  rst_IBUF (rst_IBUF)
     LUT2:I0->O            1   0.097   0.279  read1 (read_OBUF)
     OBUF:I->O                 0.000          read_OBUF (read)
    ----------------------------------------
    Total                      0.807ns (0.098ns logic, 0.709ns route)
                                       (12.1% logic, 87.9% route)

=========================================================================

Cross Clock Domains Report:
--------------------------

Clock to Setup on destination clock clk
---------------+---------+---------+---------+---------+
               | Src:Rise| Src:Fall| Src:Rise| Src:Fall|
Source Clock   |Dest:Rise|Dest:Rise|Dest:Fall|Dest:Fall|
---------------+---------+---------+---------+---------+
rst            |         |    2.667|         |         |
---------------+---------+---------+---------+---------+

=========================================================================


Total REAL time to Xst completion: 5.00 secs
Total CPU time to Xst completion: 5.12 secs
 
--> 

Total memory usage is 4690624 kilobytes

Number of errors   :    0 (   0 filtered)
Number of warnings :    5 (   0 filtered)
Number of infos    :    0 (   0 filtered)

