Release 14.7 - xst P.20131013 (nt64)
Copyright (c) 1995-2013 Xilinx, Inc.  All rights reserved.
--> Parameter TMPDIR set to xst/projnav.tmp


Total REAL time to Xst completion: 0.00 secs
Total CPU time to Xst completion: 0.13 secs
 
--> Parameter xsthdpdir set to xst


Total REAL time to Xst completion: 0.00 secs
Total CPU time to Xst completion: 0.13 secs
 
--> Reading design: round_robin.prj

TABLE OF CONTENTS
  1) Synthesis Options Summary
  2) HDL Parsing
  3) HDL Elaboration
  4) HDL Synthesis
       4.1) HDL Synthesis Report
  5) Advanced HDL Synthesis
       5.1) Advanced HDL Synthesis Report
  6) Low Level Synthesis
  7) Partition Report
  8) Design Summary
       8.1) Primitive and Black Box Usage
       8.2) Device utilization summary
       8.3) Partition Resource Summary
       8.4) Timing Report
            8.4.1) Clock Information
            8.4.2) Asynchronous Control Signals Information
            8.4.3) Timing Summary
            8.4.4) Timing Details
            8.4.5) Cross Clock Domains Report


=========================================================================
*                      Synthesis Options Summary                        *
=========================================================================
---- Source Parameters
Input File Name                    : "round_robin.prj"
Ignore Synthesis Constraint File   : NO

---- Target Parameters
Output File Name                   : "round_robin"
Output Format                      : NGC
Target Device                      : xc7a100t-3-csg324

---- Source Options
Top Module Name                    : round_robin
Automatic FSM Extraction           : YES
FSM Encoding Algorithm             : Auto
Safe Implementation                : No
FSM Style                          : LUT
RAM Extraction                     : Yes
RAM Style                          : Auto
ROM Extraction                     : Yes
Shift Register Extraction          : YES
ROM Style                          : Auto
Resource Sharing                   : YES
Asynchronous To Synchronous        : NO
Shift Register Minimum Size        : 2
Use DSP Block                      : Auto
Automatic Register Balancing       : No

---- Target Options
LUT Combining                      : Auto
Reduce Control Sets                : Auto
Add IO Buffers                     : YES
Global Maximum Fanout              : 100000
Add Generic Clock Buffer(BUFG)     : 32
Register Duplication               : YES
Optimize Instantiated Primitives   : NO
Use Clock Enable                   : Auto
Use Synchronous Set                : Auto
Use Synchronous Reset              : Auto
Pack IO Registers into IOBs        : Auto
Equivalent register Removal        : YES

---- General Options
Optimization Goal                  : Speed
Optimization Effort                : 1
Power Reduction                    : NO
Keep Hierarchy                     : No
Netlist Hierarchy                  : As_Optimized
RTL Output                         : Yes
Global Optimization                : AllClockNets
Read Cores                         : YES
Write Timing Constraints           : NO
Cross Clock Analysis               : NO
Hierarchy Separator                : /
Bus Delimiter                      : <>
Case Specifier                     : Maintain
Slice Utilization Ratio            : 100
BRAM Utilization Ratio             : 100
DSP48 Utilization Ratio            : 100
Auto BRAM Packing                  : NO
Slice Utilization Ratio Delta      : 5

=========================================================================


=========================================================================
*                          HDL Parsing                                  *
=========================================================================
Analyzing Verilog file "D:\LuanVan\Xlinx\Noc_prj\Noc_prj\round_robin.v" into library work
Parsing module <round_robin>.

=========================================================================
*                            HDL Elaboration                            *
=========================================================================

Elaborating module <round_robin>.
WARNING:HDLCompiler:413 - "D:\LuanVan\Xlinx\Noc_prj\Noc_prj\round_robin.v" Line 71: Result of 4-bit expression is truncated to fit in 3-bit target.

=========================================================================
*                           HDL Synthesis                               *
=========================================================================

Synthesizing Unit <round_robin>.
    Related source file is "D:\LuanVan\Xlinx\Noc_prj\Noc_prj\round_robin.v".
        N_BIT_SEL = 3
        N_REGISTER = 3
    Found 3-bit register for signal <count>.
    Found 3-bit register for signal <select>.
    Found 3-bit adder for signal <count[2]_GND_1_o_add_8_OUT> created at line 71.
    Found 3-bit 5-to-1 multiplexer for signal <count[2]_X_1_o_wide_mux_2_OUT> created at line 53.
    Found 3-bit comparator greater for signal <count[2]_PWR_1_o_LessThan_2_o> created at line 51
    Found 3-bit comparator equal for signal <count[2]_direction[2]_equal_4_o> created at line 53
    Summary:
	inferred   1 Adder/Subtractor(s).
	inferred   6 D-type flip-flop(s).
	inferred   2 Comparator(s).
	inferred   5 Multiplexer(s).
Unit <round_robin> synthesized.

=========================================================================
HDL Synthesis Report

Macro Statistics
# Adders/Subtractors                                   : 1
 3-bit adder                                           : 1
# Registers                                            : 2
 3-bit register                                        : 2
# Comparators                                          : 2
 3-bit comparator equal                                : 1
 3-bit comparator greater                              : 1
# Multiplexers                                         : 5
 3-bit 2-to-1 multiplexer                              : 4
 3-bit 5-to-1 multiplexer                              : 1

=========================================================================

=========================================================================
*                       Advanced HDL Synthesis                          *
=========================================================================


Synthesizing (advanced) Unit <round_robin>.
The following registers are absorbed into counter <count>: 1 register on signal <count>.
Unit <round_robin> synthesized (advanced).

=========================================================================
Advanced HDL Synthesis Report

Macro Statistics
# Counters                                             : 1
 3-bit up counter                                      : 1
# Registers                                            : 3
 Flip-Flops                                            : 3
# Comparators                                          : 2
 3-bit comparator equal                                : 1
 3-bit comparator greater                              : 1
# Multiplexers                                         : 4
 3-bit 2-to-1 multiplexer                              : 3
 3-bit 5-to-1 multiplexer                              : 1

=========================================================================

=========================================================================
*                         Low Level Synthesis                           *
=========================================================================

Optimizing unit <round_robin> ...

Mapping all equations...
Building and optimizing final netlist ...
Found area constraint ratio of 100 (+ 5) on block round_robin, actual ratio is 0.

Final Macro Processing ...

=========================================================================
Final Register Report

Macro Statistics
# Registers                                            : 6
 Flip-Flops                                            : 6

=========================================================================

=========================================================================
*                           Partition Report                            *
=========================================================================

Partition Implementation Status
-------------------------------

  No Partitions were found in this design.

-------------------------------

=========================================================================
*                            Design Summary                             *
=========================================================================

Top Level Output File Name         : round_robin.ngc

Primitive and Black Box Usage:
------------------------------
# BELS                             : 17
#      LUT2                        : 1
#      LUT3                        : 3
#      LUT4                        : 5
#      LUT5                        : 1
#      LUT6                        : 7
# FlipFlops/Latches                : 6
#      FDC                         : 3
#      FDCE                        : 1
#      FDPE                        : 2
# Clock Buffers                    : 1
#      BUFGP                       : 1
# IO Buffers                       : 22
#      IBUF                        : 19
#      OBUF                        : 3

Device utilization summary:
---------------------------

Selected Device : 7a100tcsg324-3 


Slice Logic Utilization: 
 Number of Slice Registers:               6  out of  126800     0%  
 Number of Slice LUTs:                   17  out of  63400     0%  
    Number used as Logic:                17  out of  63400     0%  

Slice Logic Distribution: 
 Number of LUT Flip Flop pairs used:     17
   Number with an unused Flip Flop:      11  out of     17    64%  
   Number with an unused LUT:             0  out of     17     0%  
   Number of fully used LUT-FF pairs:     6  out of     17    35%  
   Number of unique control sets:         2

IO Utilization: 
 Number of IOs:                          23
 Number of bonded IOBs:                  23  out of    210    10%  

Specific Feature Utilization:
 Number of BUFG/BUFGCTRLs:                1  out of     32     3%  

---------------------------
Partition Resource Summary:
---------------------------

  No Partitions were found in this design.

---------------------------


=========================================================================
Timing Report

NOTE: THESE TIMING NUMBERS ARE ONLY A SYNTHESIS ESTIMATE.
      FOR ACCURATE TIMING INFORMATION PLEASE REFER TO THE TRACE REPORT
      GENERATED AFTER PLACE-and-ROUTE.

Clock Information:
------------------
-----------------------------------+------------------------+-------+
Clock Signal                       | Clock buffer(FF name)  | Load  |
-----------------------------------+------------------------+-------+
clk                                | BUFGP                  | 6     |
-----------------------------------+------------------------+-------+

Asynchronous Control Signals Information:
----------------------------------------
No asynchronous control signals found in this design

Timing Summary:
---------------
Speed Grade: -3

   Minimum period: 1.386ns (Maximum Frequency: 721.709MHz)
   Minimum input arrival time before clock: 1.929ns
   Maximum output required time after clock: 0.640ns
   Maximum combinational path delay: No path found

Timing Details:
---------------
All values displayed in nanoseconds (ns)

=========================================================================
Timing constraint: Default period analysis for Clock 'clk'
  Clock period: 1.386ns (frequency: 721.709MHz)
  Total number of paths / destination ports: 28 / 9
-------------------------------------------------------------------------
Delay:               1.386ns (Levels of Logic = 1)
  Source:            count_0 (FF)
  Destination:       select_0 (FF)
  Source Clock:      clk rising
  Destination Clock: clk rising

  Data Path: count_0 to select_0
                                Gate     Net
    Cell:in->out      fanout   Delay   Delay  Logical Name (Net Name)
    ----------------------------------------  ------------
     FDC:C->Q              8   0.361   0.543  count_0 (count_0)
     LUT3:I0->O            3   0.097   0.289  _n0056_inv1 (_n0056_inv)
     FDPE:CE                   0.095          select_0
    ----------------------------------------
    Total                      1.386ns (0.553ns logic, 0.833ns route)
                                       (39.9% logic, 60.1% route)

=========================================================================
Timing constraint: Default OFFSET IN BEFORE for Clock 'clk'
  Total number of paths / destination ports: 57 / 9
-------------------------------------------------------------------------
Offset:              1.929ns (Levels of Logic = 4)
  Source:            request_N<1> (PAD)
  Destination:       select_2 (FF)
  Destination Clock: clk rising

  Data Path: request_N<1> to select_2
                                Gate     Net
    Cell:in->out      fanout   Delay   Delay  Logical Name (Net Name)
    ----------------------------------------  ------------
     IBUF:I->O             1   0.001   0.556  request_N_1_IBUF (request_N_1_IBUF)
     LUT4:I0->O            1   0.097   0.693  count[2]_direction[2]_equal_4_o31_SW0_SW1 (N6)
     LUT6:I0->O            1   0.097   0.379  count[2]_direction[2]_equal_4_o31_SW0 (N2)
     LUT4:I2->O            1   0.097   0.000  Mmux_PWR_1_o_count[2]_mux_5_OUT31 (PWR_1_o_count[2]_mux_5_OUT<2>)
     FDPE:D                    0.008          select_2
    ----------------------------------------
    Total                      1.929ns (0.300ns logic, 1.629ns route)
                                       (15.6% logic, 84.4% route)

=========================================================================
Timing constraint: Default OFFSET OUT AFTER for Clock 'clk'
  Total number of paths / destination ports: 3 / 3
-------------------------------------------------------------------------
Offset:              0.640ns (Levels of Logic = 1)
  Source:            select_2 (FF)
  Destination:       select<2> (PAD)
  Source Clock:      clk rising

  Data Path: select_2 to select<2>
                                Gate     Net
    Cell:in->out      fanout   Delay   Delay  Logical Name (Net Name)
    ----------------------------------------  ------------
     FDPE:C->Q             1   0.361   0.279  select_2 (select_2)
     OBUF:I->O                 0.000          select_2_OBUF (select<2>)
    ----------------------------------------
    Total                      0.640ns (0.361ns logic, 0.279ns route)
                                       (56.4% logic, 43.6% route)

=========================================================================

Cross Clock Domains Report:
--------------------------

Clock to Setup on destination clock clk
---------------+---------+---------+---------+---------+
               | Src:Rise| Src:Fall| Src:Rise| Src:Fall|
Source Clock   |Dest:Rise|Dest:Rise|Dest:Fall|Dest:Fall|
---------------+---------+---------+---------+---------+
clk            |    1.386|         |         |         |
---------------+---------+---------+---------+---------+

=========================================================================


Total REAL time to Xst completion: 9.00 secs
Total CPU time to Xst completion: 8.80 secs
 
--> 

Total memory usage is 4690624 kilobytes

Number of errors   :    0 (   0 filtered)
Number of warnings :    1 (   0 filtered)
Number of infos    :    0 (   0 filtered)

