--------------------------------------------------------------------------------
Release 14.7 Trace  (nt64)
Copyright (c) 1995-2013 Xilinx, Inc.  All rights reserved.

C:\Xilinx\14.7\ISE_DS\ISE\bin\nt64\unwrapped\trce.exe -intstyle ise -v 3 -s 3
-n 3 -fastpaths -xml switch_allocator.twx switch_allocator.ncd -o
switch_allocator.twr switch_allocator.pcf

Design file:              switch_allocator.ncd
Physical constraint file: switch_allocator.pcf
Device,package,speed:     xc7a100t,csg324,C,-3 (PRODUCTION 1.10 2013-10-13)
Report level:             verbose report

Environment Variable      Effect 
--------------------      ------ 
NONE                      No environment variables were set
--------------------------------------------------------------------------------

INFO:Timing:2698 - No timing constraints found, doing default enumeration.
INFO:Timing:3412 - To improve timing, see the Timing Closure User Guide (UG612).
INFO:Timing:2752 - To get complete path coverage, use the unconstrained paths 
   option. All paths that are not constrained will be reported in the 
   unconstrained paths section(s) of the report.
INFO:Timing:3339 - The clock-to-out numbers in this timing report are based on 
   a 50 Ohm transmission line loading model.  For the details of this model, 
   and for more information on accounting for different loading conditions, 
   please see the device datasheet.



Data Sheet report:
-----------------
All values displayed in nanoseconds (ns)

Pad to Pad
---------------+---------------+---------+
Source Pad     |Destination Pad|  Delay  |
---------------+---------------+---------+
request_E<0>   |ack_E          |    5.034|
request_E<1>   |ack_E          |    5.175|
request_E<2>   |ack_E          |    5.118|
request_L<0>   |ack_L          |    5.834|
request_L<1>   |ack_L          |    5.154|
request_L<2>   |ack_L          |    5.137|
request_N<0>   |ack_N          |    5.512|
request_N<1>   |ack_N          |    5.357|
request_N<2>   |ack_N          |    5.098|
request_S<0>   |ack_S          |    4.971|
request_S<1>   |ack_S          |    5.124|
request_S<2>   |ack_S          |    5.076|
request_W<0>   |ack_W          |    5.504|
request_W<1>   |ack_W          |    5.346|
request_W<2>   |ack_W          |    5.085|
---------------+---------------+---------+


Analysis completed Sat Dec 03 17:19:02 2022 
--------------------------------------------------------------------------------

Trace Settings:
-------------------------
Trace Settings 

Peak Memory Usage: 4950 MB



