Release 14.7 - xst P.20131013 (nt64)
Copyright (c) 1995-2013 Xilinx, Inc.  All rights reserved.
--> Parameter TMPDIR set to xst/projnav.tmp


Total REAL time to Xst completion: 0.00 secs
Total CPU time to Xst completion: 0.08 secs
 
--> Parameter xsthdpdir set to xst


Total REAL time to Xst completion: 0.00 secs
Total CPU time to Xst completion: 0.08 secs
 
--> Reading design: switch_atriber.prj

TABLE OF CONTENTS
  1) Synthesis Options Summary
  2) HDL Parsing
  3) HDL Elaboration
  4) HDL Synthesis
       4.1) HDL Synthesis Report
  5) Advanced HDL Synthesis
       5.1) Advanced HDL Synthesis Report
  6) Low Level Synthesis
  7) Partition Report
  8) Design Summary
       8.1) Primitive and Black Box Usage
       8.2) Device utilization summary
       8.3) Partition Resource Summary
       8.4) Timing Report
            8.4.1) Clock Information
            8.4.2) Asynchronous Control Signals Information
            8.4.3) Timing Summary
            8.4.4) Timing Details
            8.4.5) Cross Clock Domains Report


=========================================================================
*                      Synthesis Options Summary                        *
=========================================================================
---- Source Parameters
Input File Name                    : "switch_atriber.prj"
Ignore Synthesis Constraint File   : NO

---- Target Parameters
Output File Name                   : "switch_atriber"
Output Format                      : NGC
Target Device                      : xc7a100t-3-csg324

---- Source Options
Top Module Name                    : switch_atriber
Automatic FSM Extraction           : YES
FSM Encoding Algorithm             : Auto
Safe Implementation                : No
FSM Style                          : LUT
RAM Extraction                     : Yes
RAM Style                          : Auto
ROM Extraction                     : Yes
Shift Register Extraction          : YES
ROM Style                          : Auto
Resource Sharing                   : YES
Asynchronous To Synchronous        : NO
Shift Register Minimum Size        : 2
Use DSP Block                      : Auto
Automatic Register Balancing       : No

---- Target Options
LUT Combining                      : Auto
Reduce Control Sets                : Auto
Add IO Buffers                     : YES
Global Maximum Fanout              : 100000
Add Generic Clock Buffer(BUFG)     : 32
Register Duplication               : YES
Optimize Instantiated Primitives   : NO
Use Clock Enable                   : Auto
Use Synchronous Set                : Auto
Use Synchronous Reset              : Auto
Pack IO Registers into IOBs        : Auto
Equivalent register Removal        : YES

---- General Options
Optimization Goal                  : Speed
Optimization Effort                : 1
Power Reduction                    : NO
Keep Hierarchy                     : No
Netlist Hierarchy                  : As_Optimized
RTL Output                         : Yes
Global Optimization                : AllClockNets
Read Cores                         : YES
Write Timing Constraints           : NO
Cross Clock Analysis               : NO
Hierarchy Separator                : /
Bus Delimiter                      : <>
Case Specifier                     : Maintain
Slice Utilization Ratio            : 100
BRAM Utilization Ratio             : 100
DSP48 Utilization Ratio            : 100
Auto BRAM Packing                  : NO
Slice Utilization Ratio Delta      : 5

=========================================================================


=========================================================================
*                          HDL Parsing                                  *
=========================================================================
Analyzing Verilog file "D:\LuanVan\Xlinx\Noc_prj\Noc_prj\switch_atriber.v" into library work
Parsing module <switch_atriber>.

=========================================================================
*                            HDL Elaboration                            *
=========================================================================

Elaborating module <switch_atriber>.
WARNING:HDLCompiler:413 - "D:\LuanVan\Xlinx\Noc_prj\Noc_prj\switch_atriber.v" Line 131: Result of 4-bit expression is truncated to fit in 3-bit target.

=========================================================================
*                           HDL Synthesis                               *
=========================================================================

Synthesizing Unit <switch_atriber>.
    Related source file is "D:\LuanVan\Xlinx\Noc_prj\Noc_prj\switch_atriber.v".
        N_BIT_SEL = 3
        N_REGISTER = 3
    Found 3-bit register for signal <select_N>.
    Found 3-bit register for signal <select_E>.
    Found 3-bit register for signal <select_W>.
    Found 3-bit register for signal <select_S>.
    Found 3-bit register for signal <select_L>.
    Found 3-bit register for signal <count>.
    Found 3-bit adder for signal <count[2]_GND_1_o_add_38_OUT> created at line 131.
    Found 3-bit 5-to-1 multiplexer for signal <count[2]_X_1_o_wide_mux_2_OUT> created at line 71.
    Found 3-bit comparator greater for signal <count[2]_PWR_1_o_LessThan_2_o> created at line 68
    Summary:
	inferred   1 Adder/Subtractor(s).
	inferred  18 D-type flip-flop(s).
	inferred   1 Comparator(s).
	inferred  12 Multiplexer(s).
Unit <switch_atriber> synthesized.

=========================================================================
HDL Synthesis Report

Macro Statistics
# Adders/Subtractors                                   : 1
 3-bit adder                                           : 1
# Registers                                            : 6
 3-bit register                                        : 6
# Comparators                                          : 1
 3-bit comparator greater                              : 1
# Multiplexers                                         : 12
 3-bit 2-to-1 multiplexer                              : 11
 3-bit 5-to-1 multiplexer                              : 1

=========================================================================

=========================================================================
*                       Advanced HDL Synthesis                          *
=========================================================================


Synthesizing (advanced) Unit <switch_atriber>.
The following registers are absorbed into counter <count>: 1 register on signal <count>.
Unit <switch_atriber> synthesized (advanced).

=========================================================================
Advanced HDL Synthesis Report

Macro Statistics
# Counters                                             : 1
 3-bit up counter                                      : 1
# Registers                                            : 15
 Flip-Flops                                            : 15
# Comparators                                          : 1
 3-bit comparator greater                              : 1
# Multiplexers                                         : 11
 3-bit 2-to-1 multiplexer                              : 10
 3-bit 5-to-1 multiplexer                              : 1

=========================================================================

=========================================================================
*                         Low Level Synthesis                           *
=========================================================================

Optimizing unit <switch_atriber> ...

Mapping all equations...
Building and optimizing final netlist ...
Found area constraint ratio of 100 (+ 5) on block switch_atriber, actual ratio is 0.

Final Macro Processing ...

=========================================================================
Final Register Report

Macro Statistics
# Registers                                            : 18
 Flip-Flops                                            : 18

=========================================================================

=========================================================================
*                           Partition Report                            *
=========================================================================

Partition Implementation Status
-------------------------------

  No Partitions were found in this design.

-------------------------------

=========================================================================
*                            Design Summary                             *
=========================================================================

Top Level Output File Name         : switch_atriber.ngc

Primitive and Black Box Usage:
------------------------------
# BELS                             : 36
#      LUT2                        : 1
#      LUT3                        : 17
#      LUT6                        : 18
# FlipFlops/Latches                : 18
#      FDC                         : 3
#      FDCE                        : 5
#      FDPE                        : 10
# Clock Buffers                    : 1
#      BUFGP                       : 1
# IO Buffers                       : 31
#      IBUF                        : 16
#      OBUF                        : 15

Device utilization summary:
---------------------------

Selected Device : 7a100tcsg324-3 


Slice Logic Utilization: 
 Number of Slice Registers:              18  out of  126800     0%  
 Number of Slice LUTs:                   36  out of  63400     0%  
    Number used as Logic:                36  out of  63400     0%  

Slice Logic Distribution: 
 Number of LUT Flip Flop pairs used:     36
   Number with an unused Flip Flop:      18  out of     36    50%  
   Number with an unused LUT:             0  out of     36     0%  
   Number of fully used LUT-FF pairs:    18  out of     36    50%  
   Number of unique control sets:         4

IO Utilization: 
 Number of IOs:                          32
 Number of bonded IOBs:                  32  out of    210    15%  

Specific Feature Utilization:
 Number of BUFG/BUFGCTRLs:                1  out of     32     3%  

---------------------------
Partition Resource Summary:
---------------------------

  No Partitions were found in this design.

---------------------------


=========================================================================
Timing Report

NOTE: THESE TIMING NUMBERS ARE ONLY A SYNTHESIS ESTIMATE.
      FOR ACCURATE TIMING INFORMATION PLEASE REFER TO THE TRACE REPORT
      GENERATED AFTER PLACE-and-ROUTE.

Clock Information:
------------------
-----------------------------------+------------------------+-------+
Clock Signal                       | Clock buffer(FF name)  | Load  |
-----------------------------------+------------------------+-------+
clk                                | BUFGP                  | 18    |
-----------------------------------+------------------------+-------+

Asynchronous Control Signals Information:
----------------------------------------
No asynchronous control signals found in this design

Timing Summary:
---------------
Speed Grade: -3

   Minimum period: 1.753ns (Maximum Frequency: 570.451MHz)
   Minimum input arrival time before clock: 1.624ns
   Maximum output required time after clock: 0.645ns
   Maximum combinational path delay: No path found

Timing Details:
---------------
All values displayed in nanoseconds (ns)

=========================================================================
Timing constraint: Default period analysis for Clock 'clk'
  Clock period: 1.753ns (frequency: 570.451MHz)
  Total number of paths / destination ports: 173 / 33
-------------------------------------------------------------------------
Delay:               1.753ns (Levels of Logic = 2)
  Source:            count_0 (FF)
  Destination:       select_E_0 (FF)
  Source Clock:      clk rising
  Destination Clock: clk rising

  Data Path: count_0 to select_E_0
                                Gate     Net
    Cell:in->out      fanout   Delay   Delay  Logical Name (Net Name)
    ----------------------------------------  ------------
     FDC:C->Q             19   0.361   0.463  count_0 (count_0)
     LUT6:I4->O           13   0.097   0.351  Mmux_count[2]_X_1_o_wide_mux_2_OUT21 (Mmux_count[2]_X_1_o_wide_mux_2_OUT2)
     LUT3:I2->O            3   0.097   0.289  _n0160_inv1_cepot (_n0160_inv1_cepot)
     FDPE:CE                   0.095          select_E_0
    ----------------------------------------
    Total                      1.753ns (0.650ns logic, 1.103ns route)
                                       (37.1% logic, 62.9% route)

=========================================================================
Timing constraint: Default OFFSET IN BEFORE for Clock 'clk'
  Total number of paths / destination ports: 243 / 48
-------------------------------------------------------------------------
Offset:              1.624ns (Levels of Logic = 3)
  Source:            request_L<1> (PAD)
  Destination:       select_E_0 (FF)
  Destination Clock: clk rising

  Data Path: request_L<1> to select_E_0
                                Gate     Net
    Cell:in->out      fanout   Delay   Delay  Logical Name (Net Name)
    ----------------------------------------  ------------
     IBUF:I->O             1   0.001   0.693  request_L_1_IBUF (request_L_1_IBUF)
     LUT6:I0->O           13   0.097   0.351  Mmux_count[2]_X_1_o_wide_mux_2_OUT21 (Mmux_count[2]_X_1_o_wide_mux_2_OUT2)
     LUT3:I2->O            3   0.097   0.289  _n0160_inv1_cepot (_n0160_inv1_cepot)
     FDPE:CE                   0.095          select_E_0
    ----------------------------------------
    Total                      1.624ns (0.290ns logic, 1.334ns route)
                                       (17.9% logic, 82.1% route)

=========================================================================
Timing constraint: Default OFFSET OUT AFTER for Clock 'clk'
  Total number of paths / destination ports: 15 / 15
-------------------------------------------------------------------------
Offset:              0.645ns (Levels of Logic = 1)
  Source:            select_L_2 (FF)
  Destination:       select_L<2> (PAD)
  Source Clock:      clk rising

  Data Path: select_L_2 to select_L<2>
                                Gate     Net
    Cell:in->out      fanout   Delay   Delay  Logical Name (Net Name)
    ----------------------------------------  ------------
     FDPE:C->Q             2   0.361   0.283  select_L_2 (select_L_2)
     OBUF:I->O                 0.000          select_L_2_OBUF (select_L<2>)
    ----------------------------------------
    Total                      0.645ns (0.361ns logic, 0.283ns route)
                                       (56.0% logic, 44.0% route)

=========================================================================

Cross Clock Domains Report:
--------------------------

Clock to Setup on destination clock clk
---------------+---------+---------+---------+---------+
               | Src:Rise| Src:Fall| Src:Rise| Src:Fall|
Source Clock   |Dest:Rise|Dest:Rise|Dest:Fall|Dest:Fall|
---------------+---------+---------+---------+---------+
clk            |    1.753|         |         |         |
---------------+---------+---------+---------+---------+

=========================================================================


Total REAL time to Xst completion: 5.00 secs
Total CPU time to Xst completion: 5.24 secs
 
--> 

Total memory usage is 4690624 kilobytes

Number of errors   :    0 (   0 filtered)
Number of warnings :    1 (   0 filtered)
Number of infos    :    0 (   0 filtered)

